#
# A fatal error has been detected by the Java Runtime Environment:
#
#  EXCEPTION_UNCAUGHT_CXX_EXCEPTION (0xe06d7363) at pc=0x000007fefd66a06d, pid=2368, tid=4536
#
# JRE version: Java(TM) SE Runtime Environment (7.0_80-b15) (build 1.7.0_80-b15)
# Java VM: Java HotSpot(TM) 64-Bit Server VM (24.80-b11 mixed mode windows-amd64 compressed oops)
# Problematic frame:
# C  [KERNELBASE.dll+0x1a06d]
#
# Failed to write core dump. Minidumps are not enabled by default on client versions of Windows
#
# If you would like to submit a bug report, please visit:
#   http://bugreport.java.com/bugreport/crash.jsp
# The crash happened outside the Java Virtual Machine in native code.
# See problematic frame for where to report the bug.
#

---------------  T H R E A D  ---------------

Current thread (0x00000000023a8800):  JavaThread "main" [_thread_in_native, id=4536, stack(0x0000000002540000,0x0000000002640000)]

siginfo: ExceptionCode=0xe06d7363, ExceptionInformation=0x0000000019930520 0x000000000263d2a8 0x0000000009e29798 0x0000000009da0000 

Registers:
RAX=0x0000000074373b89, RBX=0x0000000009e29798, RCX=0x000000000263cb30, RDX=0x00000000000000d0
RSP=0x000000000263d140, RBP=0x000000000263d270, RSI=0x000000000000004a, RDI=0xffffffffffffffff
R8 =0x0000000000000000, R9 =0x0000000000000000, R10=0x0000000009da0000, R11=0x000000000263d180
R12=0x000000000263d7d8, R13=0x0000000000000000, R14=0x000000000263d7c0, R15=0x000000000263d870
RIP=0x000007fefd66a06d, EFLAGS=0x0000000000000202

Top of Stack: (sp=0x000000000263d140)
0x000000000263d140:   0000000009e29798 000000000000004a
0x000000000263d150:   ffffffffffffffff 0000000000000007
0x000000000263d160:   00000001e06d7363 0000000000000000
0x000000000263d170:   000007fefd66a06d 0000000000000004
0x000000000263d180:   0000000019930520 000000000263d2a8
0x000000000263d190:   0000000009e29798 0000000009da0000
0x000000000263d1a0:   0000000000000000 000000000263d228
0x000000000263d1b0:   0000000000000000 00000000109922e0
0x000000000263d1c0:   000000000041b0e0 0000000012f46c40
0x000000000263d1d0:   000000000263d2d8 000007fee482cdfe
0x000000000263d1e0:   000000000263d7c0 0000000000000000
0x000000000263d1f0:   000000000263d7d8 ffffffffffffffff
0x000000000263d200:   000000000000004a 000007fee482e980
0x000000000263d210:   0000000009e29798 000000000263d280
0x000000000263d220:   ffffffff00000001 0000000009da0110
0x000000000263d230:   00000001e06d7363 0000000000000000 

Instructions: (pc=0x000007fefd66a06d)
0x000007fefd66a04d:   54 24 24 48 89 4c 24 28 4d 85 c9 0f 85 6a 03 00
0x000007fefd66a05d:   00 89 4c 24 38 48 8d 4c 24 20 ff 15 33 02 03 00
0x000007fefd66a06d:   48 81 c4 c8 00 00 00 c3 90 90 90 90 90 90 90 90
0x000007fefd66a07d:   90 90 90 48 83 ec 28 65 48 8b 04 25 30 00 00 00 


Register to memory mapping:

RAX=0x0000000074373b89 is an unknown value
RBX=0x0000000009e29798 is an unknown value
RCX=0x000000000263cb30 is pointing into the stack for thread: 0x00000000023a8800
RDX=0x00000000000000d0 is an unknown value
RSP=0x000000000263d140 is pointing into the stack for thread: 0x00000000023a8800
RBP=0x000000000263d270 is pointing into the stack for thread: 0x00000000023a8800
RSI=0x000000000000004a is an unknown value
RDI=0xffffffffffffffff is an unknown value
R8 =0x0000000000000000 is an unknown value
R9 =0x0000000000000000 is an unknown value
R10=0x0000000009da0000 is pointing into the stack for thread: 0x00000000097f9000
R11=0x000000000263d180 is pointing into the stack for thread: 0x00000000023a8800
R12=0x000000000263d7d8 is pointing into the stack for thread: 0x00000000023a8800
R13=0x0000000000000000 is an unknown value
R14=0x000000000263d7c0 is pointing into the stack for thread: 0x00000000023a8800
R15=0x000000000263d870 is pointing into the stack for thread: 0x00000000023a8800


Stack: [0x0000000002540000,0x0000000002640000],  sp=0x000000000263d140,  free space=1012k
Native frames: (J=compiled Java code, j=interpreted, Vv=VM code, C=native code)
C  [KERNELBASE.dll+0x1a06d]
C  [libut.dll+0xe0e5]

Java frames: (J=compiled Java code, j=interpreted, Vv=VM code)
j  com.mathworks.toolbox.javabuilder.internal.MWMCR.mclInitializeComponentInstance(ZLjava/lang/String;Ljava/lang/String;Ljava/lang/String;Ljava/io/InputStream;ILjava/util/concurrent/Callable;Ljava/util/concurrent/Callable;)Lcom/mathworks/toolbox/javabuilder/internal/NativePtr;+0
j  com.mathworks.toolbox.javabuilder.internal.MWMCR.access$700(ZLjava/lang/String;Ljava/lang/String;Ljava/lang/String;Ljava/io/InputStream;ILjava/util/concurrent/Callable;Ljava/util/concurrent/Callable;)Lcom/mathworks/toolbox/javabuilder/internal/NativePtr;+12
j  com.mathworks.toolbox.javabuilder.internal.MWMCR$6.mclInitializeComponentInstance(ZLjava/lang/String;Ljava/lang/String;Ljava/lang/String;Ljava/io/InputStream;ILjava/util/concurrent/Callable;Ljava/util/concurrent/Callable;)Lcom/mathworks/toolbox/javabuilder/internal/NativePtr;+13
v  ~StubRoutines::call_stub
j  sun.reflect.NativeMethodAccessorImpl.invoke0(Ljava/lang/reflect/Method;Ljava/lang/Object;[Ljava/lang/Object;)Ljava/lang/Object;+0
j  sun.reflect.NativeMethodAccessorImpl.invoke(Ljava/lang/Object;[Ljava/lang/Object;)Ljava/lang/Object;+87
j  sun.reflect.DelegatingMethodAccessorImpl.invoke(Ljava/lang/Object;[Ljava/lang/Object;)Ljava/lang/Object;+6
j  java.lang.reflect.Method.invoke(Ljava/lang/Object;[Ljava/lang/Object;)Ljava/lang/Object;+57
j  com.mathworks.toolbox.javabuilder.internal.MWMCR$5.invoke(Ljava/lang/Object;Ljava/lang/reflect/Method;[Ljava/lang/Object;)Ljava/lang/Object;+8
j  com.sun.proxy.$Proxy0.mclInitializeComponentInstance(ZLjava/lang/String;Ljava/lang/String;Ljava/lang/String;Ljava/io/InputStream;ILjava/util/concurrent/Callable;Ljava/util/concurrent/Callable;)Lcom/mathworks/toolbox/javabuilder/internal/NativePtr;+58
j  com.mathworks.toolbox.javabuilder.internal.MWMCR.newInstance(Lcom/mathworks/toolbox/javabuilder/MWComponentOptions;Ljava/lang/Class;Ljava/lang/String;Ljava/lang/String;[I)Lcom/mathworks/toolbox/javabuilder/internal/MWMCR;+681
j  PSOGMYC1.PSOGMYC1MCRFactory.newInstance(Lcom/mathworks/toolbox/javabuilder/MWComponentOptions;)Lcom/mathworks/toolbox/javabuilder/internal/MWMCR;+51
j  PSOGMYC1.PSOGMYC1MCRFactory.newInstance()Lcom/mathworks/toolbox/javabuilder/internal/MWMCR;+3
j  PSOGMYC1.yucezhi.<init>()V+1
j  demo.PSOGM1.getpsogm1(III)[Ljava/lang/String;+22
j  demo.PSOGM1.main([Ljava/lang/String;)V+5
v  ~StubRoutines::call_stub

---------------  P R O C E S S  ---------------

Java Threads: ( => current thread )
  0x00000000125f7800 JavaThread "Connector Runnable" daemon [_thread_blocked, id=6336, stack(0x0000000016080000,0x0000000016180000)]
  0x0000000016c96800 JavaThread "EventMgr Dispatcher" daemon [_thread_in_native, id=5840, stack(0x0000000017c20000,0x0000000017d20000)]
  0x0000000009baa000 JavaThread "MATLAB Compiler Runtime" daemon [_thread_in_native, id=5884, stack(0x0000000014ee0000,0x00000000156e0000)]
  0x00000000122f1800 JavaThread "AWT-Windows" daemon [_thread_in_native, id=2980, stack(0x0000000012c10000,0x0000000012d10000)]
  0x0000000009ba9000 JavaThread "Java2D Disposer" daemon [_thread_blocked, id=2760, stack(0x0000000011d20000,0x0000000011e20000)]
  0x0000000009827000 JavaThread "Service Thread" daemon [_thread_blocked, id=4940, stack(0x000000000abd0000,0x000000000acd0000)]
  0x0000000009817000 JavaThread "C2 CompilerThread1" daemon [_thread_blocked, id=7916, stack(0x000000000a980000,0x000000000aa80000)]
  0x0000000009815000 JavaThread "C2 CompilerThread0" daemon [_thread_blocked, id=5180, stack(0x000000000a750000,0x000000000a850000)]
  0x000000000832f800 JavaThread "JDWP Command Reader" daemon [_thread_in_native, id=2556, stack(0x000000000a1f0000,0x000000000a2f0000)]
  0x000000000832e000 JavaThread "JDWP Event Helper Thread" daemon [_thread_blocked, id=5384, stack(0x000000000a590000,0x000000000a690000)]
  0x0000000009803000 JavaThread "JDWP Transport Listener: dt_socket" daemon [_thread_blocked, id=6568, stack(0x000000000a410000,0x000000000a510000)]
  0x00000000097fd800 JavaThread "Attach Listener" daemon [_thread_blocked, id=1296, stack(0x0000000009ea0000,0x0000000009fa0000)]
  0x00000000097f9000 JavaThread "Signal Dispatcher" daemon [_thread_blocked, id=1408, stack(0x0000000009ca0000,0x0000000009da0000)]
  0x00000000082b7000 JavaThread "Finalizer" daemon [_thread_blocked, id=4996, stack(0x00000000096f0000,0x00000000097f0000)]
  0x00000000082af800 JavaThread "Reference Handler" daemon [_thread_blocked, id=1892, stack(0x00000000095e0000,0x00000000096e0000)]
=>0x00000000023a8800 JavaThread "main" [_thread_in_native, id=4536, stack(0x0000000002540000,0x0000000002640000)]

Other Threads:
  0x00000000082ac000 VMThread [stack: 0x0000000009340000,0x0000000009440000] [id=5560]
  0x0000000009871800 WatcherThread [stack: 0x000000000ad80000,0x000000000ae80000] [id=6060]

VM state:not at safepoint (normal execution)

VM Mutex/Monitor currently owned by a thread: None

Heap
 PSYoungGen      total 16896K, used 9003K [0x00000000ed900000, 0x00000000efa00000, 0x0000000100000000)
  eden space 14848K, 46% used [0x00000000ed900000,0x00000000edfd0608,0x00000000ee780000)
  from space 2048K, 98% used [0x00000000ee780000,0x00000000ee97a6b8,0x00000000ee980000)
  to   space 2048K, 0% used [0x00000000ef800000,0x00000000ef800000,0x00000000efa00000)
 ParOldGen       total 37376K, used 1469K [0x00000000c8c00000, 0x00000000cb080000, 0x00000000ed900000)
  object space 37376K, 3% used [0x00000000c8c00000,0x00000000c8d6f740,0x00000000cb080000)
 PSPermGen       total 21504K, used 10021K [0x00000000c3a00000, 0x00000000c4f00000, 0x00000000c8c00000)
  object space 21504K, 46% used [0x00000000c3a00000,0x00000000c43c9678,0x00000000c4f00000)

Card table byte_map: [0x0000000005700000,0x00000000058f0000] byte_map_base: 0x00000000050e3000

Polling page: 0x0000000000120000

Code Cache  [0x0000000002640000, 0x00000000028b0000, 0x0000000005640000)
 total_blobs=520 nmethods=116 adapters=365 free_code_cache=48382Kb largest_free_block=49515008

Compilation events (10 events):
Event: 6.960 Thread 0x0000000009817000 nmethod 113 0x00000000026e9650 code [0x00000000026e9840, 0x00000000026ea150]
Event: 7.001 Thread 0x0000000009815000 nmethod 115 0x00000000026f4ed0 code [0x00000000026f5100, 0x00000000026f59d0]
Event: 8.032 Thread 0x0000000009817000  116             sun.java2d.loops.GraphicsPrimitive::getUniqueID (5 bytes)
Event: 8.033 Thread 0x0000000009817000 nmethod 116 0x0000000002702710 code [0x0000000002702840, 0x0000000002702898]
Event: 8.043 Thread 0x0000000009815000  117             java.util.Arrays::binarySearch0 (95 bytes)
Event: 8.057 Thread 0x0000000009815000 nmethod 117 0x0000000002700950 code [0x0000000002700aa0, 0x0000000002700eb8]
Event: 9.153 Thread 0x0000000009817000  118             java.lang.AbstractStringBuilder::<init> (12 bytes)
Event: 9.156 Thread 0x0000000009817000 nmethod 118 0x0000000002702c50 code [0x0000000002702da0, 0x0000000002702e98]
Event: 20.436 Thread 0x0000000009815000  119             java.lang.String::lastIndexOf (151 bytes)
Event: 20.443 Thread 0x0000000009815000 nmethod 119 0x0000000002704050 code [0x00000000027041a0, 0x0000000002704438]

GC Heap History (6 events):
Event: 6.069 GC heap before
{Heap before GC invocations=1 (full 0):
 PSYoungGen      total 16896K, used 14848K [0x00000000ed900000, 0x00000000eeb80000, 0x0000000100000000)
  eden space 14848K, 100% used [0x00000000ed900000,0x00000000ee780000,0x00000000ee780000)
  from space 2048K, 0% used [0x00000000ee980000,0x00000000ee980000,0x00000000eeb80000)
  to   space 2048K, 0% used [0x00000000ee780000,0x00000000ee780000,0x00000000ee980000)
 ParOldGen       total 37376K, used 0K [0x00000000c8c00000, 0x00000000cb080000, 0x00000000ed900000)
  object space 37376K, 0% used [0x00000000c8c00000,0x00000000c8c00000,0x00000000cb080000)
 PSPermGen       total 21504K, used 5614K [0x00000000c3a00000, 0x00000000c4f00000, 0x00000000c8c00000)
  object space 21504K, 26% used [0x00000000c3a00000,0x00000000c3f7bb80,0x00000000c4f00000)
Event: 6.104 GC heap after
Heap after GC invocations=1 (full 0):
 PSYoungGen      total 16896K, used 2020K [0x00000000ed900000, 0x00000000eeb80000, 0x0000000100000000)
  eden space 14848K, 0% used [0x00000000ed900000,0x00000000ed900000,0x00000000ee780000)
  from space 2048K, 98% used [0x00000000ee780000,0x00000000ee9790c8,0x00000000ee980000)
  to   space 2048K, 0% used [0x00000000ee980000,0x00000000ee980000,0x00000000eeb80000)
 ParOldGen       total 37376K, used 217K [0x00000000c8c00000, 0x00000000cb080000, 0x00000000ed900000)
  object space 37376K, 0% used [0x00000000c8c00000,0x00000000c8c36408,0x00000000cb080000)
 PSPermGen       total 21504K, used 5614K [0x00000000c3a00000, 0x00000000c4f00000, 0x00000000c8c00000)
  object space 21504K, 26% used [0x00000000c3a00000,0x00000000c3f7bb80,0x00000000c4f00000)
}
Event: 7.897 GC heap before
{Heap before GC invocations=2 (full 0):
 PSYoungGen      total 16896K, used 16868K [0x00000000ed900000, 0x00000000eeb80000, 0x0000000100000000)
  eden space 14848K, 100% used [0x00000000ed900000,0x00000000ee780000,0x00000000ee780000)
  from space 2048K, 98% used [0x00000000ee780000,0x00000000ee9790c8,0x00000000ee980000)
  to   space 2048K, 0% used [0x00000000ee980000,0x00000000ee980000,0x00000000eeb80000)
 ParOldGen       total 37376K, used 217K [0x00000000c8c00000, 0x00000000cb080000, 0x00000000ed900000)
  object space 37376K, 0% used [0x00000000c8c00000,0x00000000c8c36408,0x00000000cb080000)
 PSPermGen       total 21504K, used 9214K [0x00000000c3a00000, 0x00000000c4f00000, 0x00000000c8c00000)
  object space 21504K, 42% used [0x00000000c3a00000,0x00000000c42ff988,0x00000000c4f00000)
Event: 7.934 GC heap after
Heap after GC invocations=2 (full 0):
 PSYoungGen      total 16896K, used 2033K [0x00000000ed900000, 0x00000000efa00000, 0x0000000100000000)
  eden space 14848K, 0% used [0x00000000ed900000,0x00000000ed900000,0x00000000ee780000)
  from space 2048K, 99% used [0x00000000ee980000,0x00000000eeb7c6c8,0x00000000eeb80000)
  to   space 2048K, 0% used [0x00000000ee780000,0x00000000ee780000,0x00000000ee980000)
 ParOldGen       total 37376K, used 929K [0x00000000c8c00000, 0x00000000cb080000, 0x00000000ed900000)
  object space 37376K, 2% used [0x00000000c8c00000,0x00000000c8ce8508,0x00000000cb080000)
 PSPermGen       total 21504K, used 9214K [0x00000000c3a00000, 0x00000000c4f00000, 0x00000000c8c00000)
  object space 21504K, 42% used [0x00000000c3a00000,0x00000000c42ff988,0x00000000c4f00000)
}
Event: 14.869 GC heap before
{Heap before GC invocations=3 (full 0):
 PSYoungGen      total 16896K, used 16881K [0x00000000ed900000, 0x00000000efa00000, 0x0000000100000000)
  eden space 14848K, 100% used [0x00000000ed900000,0x00000000ee780000,0x00000000ee780000)
  from space 2048K, 99% used [0x00000000ee980000,0x00000000eeb7c6c8,0x00000000eeb80000)
  to   space 2048K, 0% used [0x00000000ee780000,0x00000000ee780000,0x00000000ee980000)
 ParOldGen       total 37376K, used 929K [0x00000000c8c00000, 0x00000000cb080000, 0x00000000ed900000)
  object space 37376K, 2% used [0x00000000c8c00000,0x00000000c8ce8508,0x00000000cb080000)
 PSPermGen       total 21504K, used 10016K [0x00000000c3a00000, 0x00000000c4f00000, 0x00000000c8c00000)
  object space 21504K, 46% used [0x00000000c3a00000,0x00000000c43c8108,0x00000000c4f00000)
Event: 14.938 GC heap after
Heap after GC invocations=3 (full 0):
 PSYoungGen      total 16896K, used 2025K [0x00000000ed900000, 0x00000000efa00000, 0x0000000100000000)
  eden space 14848K, 0% used [0x00000000ed900000,0x00000000ed900000,0x00000000ee780000)
  from space 2048K, 98% used [0x00000000ee780000,0x00000000ee97a6b8,0x00000000ee980000)
  to   space 2048K, 0% used [0x00000000ef800000,0x00000000ef800000,0x00000000efa00000)
 ParOldGen       total 37376K, used 1469K [0x00000000c8c00000, 0x00000000cb080000, 0x00000000ed900000)
  object space 37376K, 3% used [0x00000000c8c00000,0x00000000c8d6f740,0x00000000cb080000)
 PSPermGen       total 21504K, used 10016K [0x00000000c3a00000, 0x00000000c4f00000, 0x00000000c8c00000)
  object space 21504K, 46% used [0x00000000c3a00000,0x00000000c43c8108,0x00000000c4f00000)
}

Deoptimization events (10 events):
Event: 6.162 Thread 0x0000000009baa000 Uncommon trap: reason=unstable_if action=reinterpret pc=0x00000000026dc6a0 method=sun.misc.URLClassPath.getLoader(I)Lsun/misc/URLClassPath$Loader; @ 36
Event: 6.162 Thread 0x0000000009baa000 Uncommon trap: reason=unstable_if action=reinterpret pc=0x00000000026da644 method=sun.misc.URLClassPath$JarLoader.ensureOpen()V @ 4
Event: 6.164 Thread 0x0000000009baa000 Uncommon trap: reason=unstable_if action=reinterpret pc=0x00000000026c663c method=java.util.zip.ZipCoder.encoder()Ljava/nio/charset/CharsetEncoder; @ 4
Event: 6.167 Thread 0x0000000009baa000 Uncommon trap: reason=unstable_if action=reinterpret pc=0x00000000026da408 method=java.util.zip.ZipCoder.encoder()Ljava/nio/charset/CharsetEncoder; @ 4
Event: 6.436 Thread 0x0000000009baa000 Uncommon trap: reason=unstable_if action=reinterpret pc=0x00000000026aa3f8 method=java.io.DataOutputStream.writeUTF(Ljava/lang/String;Ljava/io/DataOutput;)I @ 128
Event: 6.487 Thread 0x0000000009baa000 Uncommon trap: reason=unstable_if action=reinterpret pc=0x00000000026e48c8 method=sun.misc.URLClassPath$JarLoader.getResource(Ljava/lang/String;Z)Lsun/misc/Resource; @ 15
Event: 6.493 Thread 0x0000000009baa000 Uncommon trap: reason=unstable_if action=reinterpret pc=0x00000000026e2574 method=sun.misc.URLClassPath$JarLoader.getResource(Ljava/lang/String;Z)Lsun/misc/Resource; @ 15
Event: 6.546 Thread 0x0000000009baa000 Uncommon trap: reason=unstable_if action=reinterpret pc=0x00000000026ab388 method=java.lang.String.indexOf([CII[CIII)I @ 3
Event: 6.859 Thread 0x0000000009baa000 Uncommon trap: reason=unstable_if action=reinterpret pc=0x00000000026d70c0 method=java.lang.AbstractStringBuilder.append(Ljava/lang/String;)Ljava/lang/AbstractStringBuilder; @ 1
Event: 7.713 Thread 0x0000000009baa000 Uncommon trap: reason=unstable_if action=reinterpret pc=0x00000000026ab9cc method=java.util.regex.Matcher.reset()Ljava/util/regex/Matcher; @ 47

Internal exceptions (10 events):
Event: 21.108 Thread 0x0000000009baa000 Threw 0x00000000edf810c0 at C:\re\jdk7u80\2329\hotspot\src\share\vm\prims\jvm.cpp:1319
Event: 21.108 Thread 0x0000000009baa000 Threw 0x00000000edf813b8 at C:\re\jdk7u80\2329\hotspot\src\share\vm\prims\jvm.cpp:1319
Event: 21.109 Thread 0x0000000009baa000 Threw 0x00000000edf82d38 at C:\re\jdk7u80\2329\hotspot\src\share\vm\prims\jvm.cpp:1319
Event: 21.110 Thread 0x0000000009baa000 Threw 0x00000000edf8a190 at C:\re\jdk7u80\2329\hotspot\src\share\vm\prims\jvm.cpp:1319
Event: 21.114 Thread 0x0000000009baa000 Threw 0x00000000edf8a690 at C:\re\jdk7u80\2329\hotspot\src\share\vm\prims\jvm.cpp:1319
Event: 21.115 Thread 0x0000000009baa000 Threw 0x00000000edf8c2f0 at C:\re\jdk7u80\2329\hotspot\src\share\vm\prims\jvm.cpp:1319
Event: 21.116 Thread 0x0000000009baa000 Threw 0x00000000edf94e00 at C:\re\jdk7u80\2329\hotspot\src\share\vm\prims\jvm.cpp:1319
Event: 21.116 Thread 0x0000000009baa000 Threw 0x00000000edf95188 at C:\re\jdk7u80\2329\hotspot\src\share\vm\prims\jvm.cpp:1319
Event: 21.117 Thread 0x0000000009baa000 Threw 0x00000000edf96de8 at C:\re\jdk7u80\2329\hotspot\src\share\vm\prims\jvm.cpp:1319
Event: 21.118 Thread 0x0000000009baa000 Threw 0x00000000edf9f8f8 at C:\re\jdk7u80\2329\hotspot\src\share\vm\prims\jvm.cpp:1319

Events (10 events):
Event: 21.014 loading class 0x000000001709f500
Event: 21.014 loading class 0x000000001709f500 done
Event: 21.106 loading class 0x000000001709f520
Event: 21.106 loading class 0x000000001709f520 done
Event: 21.108 loading class 0x000000001709f520
Event: 21.108 loading class 0x000000001709f520 done
Event: 21.114 loading class 0x000000001709f540
Event: 21.114 loading class 0x000000001709f540 done
Event: 21.116 loading class 0x000000001709f540
Event: 21.116 loading class 0x000000001709f540 done


Dynamic libraries:
0x000000013faa0000 - 0x000000013fad3000 	D:\Java\jdk1.7.0_80\bin\javaw.exe
0x0000000077660000 - 0x000000007780a000 	C:\Windows\SYSTEM32\ntdll.dll
0x0000000077540000 - 0x000000007765f000 	C:\Windows\system32\kernel32.dll
0x000007fefd650000 - 0x000007fefd6ba000 	C:\Windows\system32\KERNELBASE.dll
0x000007fefdfd0000 - 0x000007fefe0ab000 	C:\Windows\system32\ADVAPI32.dll
0x000007feff530000 - 0x000007feff5cf000 	C:\Windows\system32\msvcrt.dll
0x000007feff950000 - 0x000007feff96f000 	C:\Windows\SYSTEM32\sechost.dll
0x000007feff640000 - 0x000007feff76d000 	C:\Windows\system32\RPCRT4.dll
0x0000000077440000 - 0x000000007753a000 	C:\Windows\system32\USER32.dll
0x000007feff5d0000 - 0x000007feff637000 	C:\Windows\system32\GDI32.dll
0x000007fefe510000 - 0x000007fefe51e000 	C:\Windows\system32\LPK.dll
0x000007fefe210000 - 0x000007fefe2db000 	C:\Windows\system32\USP10.dll
0x000007fefbff0000 - 0x000007fefc1e4000 	C:\Windows\WinSxS\amd64_microsoft.windows.common-controls_6595b64144ccf1df_6.0.7601.18837_none_fa3b1e3d17594757\COMCTL32.dll
0x000007fefe0b0000 - 0x000007fefe121000 	C:\Windows\system32\SHLWAPI.dll
0x000007feff920000 - 0x000007feff94e000 	C:\Windows\system32\IMM32.DLL
0x000007feff420000 - 0x000007feff529000 	C:\Windows\system32\MSCTF.dll
0x0000000060040000 - 0x0000000060112000 	D:\Java\jdk1.7.0_80\jre\bin\msvcr100.dll
0x0000000051240000 - 0x0000000051a19000 	D:\Java\jdk1.7.0_80\jre\bin\server\jvm.dll
0x000007fef3d20000 - 0x000007fef3d29000 	C:\Windows\system32\WSOCK32.dll
0x000007fefdda0000 - 0x000007fefdded000 	C:\Windows\system32\WS2_32.dll
0x000007feff770000 - 0x000007feff778000 	C:\Windows\system32\NSI.dll
0x000007fef9400000 - 0x000007fef943b000 	C:\Windows\system32\WINMM.dll
0x0000000077820000 - 0x0000000077827000 	C:\Windows\system32\PSAPI.DLL
0x0000000061ea0000 - 0x0000000061eaf000 	D:\Java\jdk1.7.0_80\jre\bin\verify.dll
0x0000000061cb0000 - 0x0000000061cd8000 	D:\Java\jdk1.7.0_80\jre\bin\java.dll
0x0000000061d20000 - 0x0000000061d55000 	D:\Java\jdk1.7.0_80\jre\bin\jdwp.dll
0x0000000072dc0000 - 0x0000000072dc8000 	D:\Java\jdk1.7.0_80\jre\bin\npt.dll
0x0000000060240000 - 0x0000000060256000 	D:\Java\jdk1.7.0_80\jre\bin\zip.dll
0x0000000060230000 - 0x0000000060239000 	D:\Java\jdk1.7.0_80\jre\bin\dt_socket.dll
0x000007fefb570000 - 0x000007fefb585000 	C:\Windows\system32\NLAapi.dll
0x000007fef3c30000 - 0x000007fef3c45000 	C:\Windows\system32\napinsp.dll
0x000007fef3c10000 - 0x000007fef3c29000 	C:\Windows\system32\pnrpnsp.dll
0x000007fefcc50000 - 0x000007fefcca5000 	C:\Windows\System32\mswsock.dll
0x000007fefcad0000 - 0x000007fefcb2b000 	C:\Windows\system32\DNSAPI.dll
0x000007fef3be0000 - 0x000007fef3beb000 	C:\Windows\System32\winrnr.dll
0x000007fefad70000 - 0x000007fefad97000 	C:\Windows\system32\IPHLPAPI.DLL
0x000007fefad60000 - 0x000007fefad6b000 	C:\Windows\system32\WINNSI.DLL
0x000007fefa950000 - 0x000007fefa9a3000 	C:\Windows\System32\fwpuclnt.dll
0x000007fefb160000 - 0x000007fefb168000 	C:\Windows\system32\rasadhlp.dll
0x000007fefc630000 - 0x000007fefc637000 	C:\Windows\System32\wshtcpip.dll
0x0000000180000000 - 0x0000000180034000 	E:\matlab\runtime\v85\bin\win64\BuilderJABootstrap.dll
0x0000000000150000 - 0x000000000015c000 	E:\matlab\runtime\v85\bin\win64\nativedl.dll
0x000007fee48a0000 - 0x000007fee4947000 	C:\Windows\system32\MSVCP110.dll
0x000007fee47d0000 - 0x000007fee489e000 	C:\Windows\system32\MSVCR110.dll
0x000000000ae80000 - 0x000000000b0a0000 	E:\matlab\runtime\v85\bin\win64\libmwfl.dll
0x000007feff780000 - 0x000007feff799000 	C:\Windows\system32\imagehlp.dll
0x00000000005c0000 - 0x00000000005cf000 	E:\matlab\runtime\v85\bin\win64\libmwresource_core.dll
0x0000000009210000 - 0x0000000009307000 	E:\matlab\runtime\v85\bin\win64\libmwi18n.dll
0x000007fefa0b0000 - 0x000007fefa0bf000 	E:\matlab\runtime\v85\bin\win64\boost_date_time-vc110-mt-1_49.dll
0x000007fef80b0000 - 0x000007fef80dc000 	E:\matlab\runtime\v85\bin\win64\boost_filesystem-vc110-mt-1_49.dll
0x000007fefa0a0000 - 0x000007fefa0a9000 	E:\matlab\runtime\v85\bin\win64\boost_system-vc110-mt-1_49.dll
0x000007fef3f70000 - 0x000007fef3f95000 	E:\matlab\runtime\v85\bin\win64\LIBEXPAT.dll
0x000000005b150000 - 0x000000005b2e7000 	E:\matlab\runtime\v85\bin\win64\icuin52.dll
0x00000000574f0000 - 0x0000000057631000 	E:\matlab\runtime\v85\bin\win64\icuuc52.dll
0x000000000b0a0000 - 0x000000000c70b000 	E:\matlab\runtime\v85\bin\win64\icudt52.dll
0x0000000060170000 - 0x0000000060181000 	E:\matlab\runtime\v85\bin\win64\icuio52.dll
0x000000000c710000 - 0x000000000cc94000 	E:\matlab\runtime\v85\bin\win64\libmwMATLAB_res.dll
0x000007feeac20000 - 0x000007feeaca8000 	E:\matlab\runtime\v85\bin\win64\boost_log-vc110-mt-1_49.dll
0x000007fef4790000 - 0x000007fef47a1000 	E:\matlab\runtime\v85\bin\win64\boost_thread-vc110-mt-1_49.dll
0x000007fee46f0000 - 0x000007fee47cd000 	E:\matlab\runtime\v85\bin\win64\boost_regex-vc110-mt-1_49.dll
0x000007fef3d50000 - 0x000007fef3d95000 	E:\matlab\runtime\v85\bin\win64\boost_serialization-vc110-mt-1_49.dll
0x000007fef3f50000 - 0x000007fef3f61000 	E:\matlab\runtime\v85\bin\win64\boost_signals-vc110-mt-1_49.dll
0x000007feeed10000 - 0x000007feeed4f000 	E:\matlab\runtime\v85\bin\win64\tbb.dll
0x000007fefc5e0000 - 0x000007fefc60c000 	C:\Windows\system32\POWRPROF.dll
0x000007fefddf0000 - 0x000007fefdfc7000 	C:\Windows\system32\SETUPAPI.dll
0x000007fefd6c0000 - 0x000007fefd6f6000 	C:\Windows\system32\CFGMGR32.dll
0x000007feff7a0000 - 0x000007feff87a000 	C:\Windows\system32\OLEAUT32.dll
0x000007fefd870000 - 0x000007fefda6c000 	C:\Windows\system32\ole32.dll
0x000007fefd510000 - 0x000007fefd52a000 	C:\Windows\system32\DEVOBJ.dll
0x000000000cef0000 - 0x000000000d203000 	E:\matlab\runtime\v85\bin\win64\nativemcl.dll
0x0000000009da0000 - 0x0000000009e65000 	E:\matlab\runtime\v85\bin\win64\libut.dll
0x000000000cca0000 - 0x000000000ce3a000 	E:\matlab\runtime\v85\bin\win64\libmx.dll
0x000007feece70000 - 0x000007feeceb0000 	E:\matlab\runtime\v85\bin\win64\tbbmalloc.dll
0x0000000060150000 - 0x0000000060167000 	E:\matlab\runtime\v85\bin\win64\zlib1.dll
0x000000000d210000 - 0x000000000d627000 	E:\matlab\runtime\v85\bin\win64\libmwservices.dll
0x0000000002310000 - 0x0000000002322000 	E:\matlab\runtime\v85\bin\win64\display_device.dll
0x0000000005b30000 - 0x0000000005b81000 	E:\matlab\runtime\v85\bin\win64\libmwregexp.dll
0x0000000005d30000 - 0x0000000005d7e000 	E:\matlab\runtime\v85\bin\win64\mpath.dll
0x000000000d630000 - 0x000000000d971000 	E:\matlab\runtime\v85\bin\win64\libmwms.dll
0x000007fefa090000 - 0x000007fefa0a0000 	E:\matlab\runtime\v85\bin\win64\boost_iostreams-vc110-mt-1_49.dll
0x000000000d980000 - 0x000000000dda0000 	E:\matlab\runtime\v85\bin\win64\mlutil.dll
0x000000000dda0000 - 0x000000000e0d0000 	E:\matlab\runtime\v85\bin\win64\settingscore.dll
0x0000000009440000 - 0x00000000094b9000 	E:\matlab\runtime\v85\bin\win64\xmlcore.dll
0x0000000012000000 - 0x0000000012263000 	E:\matlab\runtime\v85\bin\win64\xerces-c_3_1.dll
0x0000000002470000 - 0x000000000248e000 	E:\matlab\runtime\v85\bin\win64\libmwMATLAB_settings_res.dll
0x000007fefe520000 - 0x000007feff2aa000 	C:\Windows\system32\SHELL32.dll
0x0000000002350000 - 0x0000000002356000 	E:\matlab\runtime\v85\bin\win64\libmwnativedisplay.dll
0x0000000009550000 - 0x00000000095ae000 	E:\matlab\runtime\v85\bin\win64\opccore.dll
0x000000000a850000 - 0x000000000a928000 	E:\matlab\runtime\v85\bin\win64\opcmodel.dll
0x000000000e0d0000 - 0x000000000e31c000 	E:\matlab\runtime\v85\bin\win64\libmwflnetwork.dll
0x0000000005e90000 - 0x0000000005eb9000 	E:\matlab\runtime\v85\bin\win64\opczippackage.dll
0x0000000060140000 - 0x000000006014f000 	E:\matlab\runtime\v85\bin\win64\libminizip.dll
0x000000000e320000 - 0x000000000e4b8000 	E:\matlab\runtime\v85\bin\win64\opcmwservices.dll
0x000007fefdd00000 - 0x000007fefdd97000 	C:\Windows\system32\COMDLG32.dll
0x000007fefb2e0000 - 0x000007fefb2f6000 	C:\Windows\system32\NETAPI32.dll
0x000007fefb2d0000 - 0x000007fefb2dc000 	C:\Windows\system32\netutils.dll
0x000007fefce00000 - 0x000007fefce23000 	C:\Windows\system32\srvcli.dll
0x000007fefb2b0000 - 0x000007fefb2c5000 	C:\Windows\system32\wkscli.dll
0x000007fee4500000 - 0x000007fee46ee000 	E:\matlab\runtime\v85\bin\win64\PocoFoundation64.dll
0x000007fee43e0000 - 0x000007fee44ff000 	E:\matlab\runtime\v85\bin\win64\PocoNet64.dll
0x000007feeb2d0000 - 0x000007feeb319000 	E:\matlab\runtime\v85\bin\win64\PocoNetSSL64.dll
0x000007fee4250000 - 0x000007fee43d9000 	E:\matlab\runtime\v85\bin\win64\LIBEAY32.dll
0x000007feeb040000 - 0x000007feeb098000 	E:\matlab\runtime\v85\bin\win64\SSLEAY32.dll
0x000007feeece0000 - 0x000007feeed0b000 	E:\matlab\runtime\v85\bin\win64\PocoCrypto64.dll
0x000007fee41c0000 - 0x000007fee4243000 	E:\matlab\runtime\v85\bin\win64\PocoUtil64.dll
0x000007fee4100000 - 0x000007fee41b5000 	E:\matlab\runtime\v85\bin\win64\PocoXML64.dll
0x000007feeab70000 - 0x000007feeabcc000 	E:\matlab\runtime\v85\bin\win64\PocoJSON64.dll
0x000000000e4c0000 - 0x000000000e785000 	E:\matlab\runtime\v85\bin\win64\mclmcr.dll
0x000000000aa80000 - 0x000000000ab7f000 	E:\matlab\runtime\v85\bin\win64\mcr.dll
0x000000000e790000 - 0x000000000e8d9000 	E:\matlab\runtime\v85\bin\win64\iqm.dll
0x0000000005fd0000 - 0x0000000005fdb000 	E:\matlab\runtime\v85\bin\win64\language_execution_interfaces.dll
0x000000000e8e0000 - 0x000000000e9b9000 	E:\matlab\runtime\v85\bin\win64\m_dispatcher.dll
0x000000000e9c0000 - 0x000000000f2cc000 	E:\matlab\runtime\v85\bin\win64\m_interpreter.dll
0x0000000005fe0000 - 0x000000000600d000 	E:\matlab\runtime\v85\bin\win64\libmex.dll
0x0000000009bf0000 - 0x0000000009c6f000 	E:\matlab\runtime\v85\bin\win64\profiler.dll
0x000000000f2d0000 - 0x000000000f44c000 	E:\matlab\runtime\v85\bin\win64\libmwmathutil.dll
0x0000000009fa0000 - 0x000000000a002000 	E:\matlab\runtime\v85\bin\win64\libmwmathrng.dll
0x0000000009320000 - 0x0000000009334000 	E:\matlab\runtime\v85\bin\win64\libmwmfl_rng.dll
0x00000000094c0000 - 0x00000000094c7000 	E:\matlab\runtime\v85\bin\win64\libmwdSFMT.dll
0x000000000f450000 - 0x000000000f620000 	E:\matlab\runtime\v85\bin\win64\libmwmathcore.dll
0x000000000a150000 - 0x000000000a1c1000 	E:\matlab\runtime\v85\bin\win64\libmwspmatrix.dll
0x000000000a3a0000 - 0x000000000a3e2000 	E:\matlab\runtime\v85\bin\win64\mcos.dll
0x000000000a510000 - 0x000000000a56b000 	E:\matlab\runtime\v85\bin\win64\libmwcholmod.dll
0x00000000095b0000 - 0x00000000095bc000 	E:\matlab\runtime\v85\bin\win64\libmwamd.dll
0x00000000095c0000 - 0x00000000095cb000 	E:\matlab\runtime\v85\bin\win64\libmwcolamd.dll
0x0000000009c70000 - 0x0000000009c84000 	E:\matlab\runtime\v85\bin\win64\libmwblas.dll
0x0000000009e70000 - 0x0000000009e8b000 	E:\matlab\runtime\v85\bin\win64\libmwbinder.dll
0x00000000095d0000 - 0x00000000095db000 	E:\matlab\runtime\v85\bin\win64\libmwompwrapper.dll

VM Arguments:
jvm_args: -agentlib:jdwp=transport=dt_socket,suspend=y,address=localhost:58515 -Dfile.encoding=GBK 
java_command: demo.PSOGM1
Launcher Type: SUN_STANDARD

Environment Variables:
JAVA_HOME=D:\Java\jdk1.7.0_80
CLASSPATH=.;D:\Java\jdk1.7.0_80\lib\dt.jar;D:\Java\jdk1.7.0_80\lib\tools.jar;
PATH=E:\matlab\runtime\v85\bin\win64;C:\Windows\system32;C:\Windows;C:\Windows\System32\Wbem;C:\Windows\System32\WindowsPowerShell\v1.0\;C:\Program Files (x86)\Microsoft SQL Server\80\Tools\BINN;C:\Program Files (x86)\Microsoft SQL Server\90\Tools\binn\;D:\Java\jdk1.7.0_80\bin;D:\Java\jdk1.7.0_80\jre\bin;E:\matlab\runtime\v85\runtime\win64;D:\Program Files\MySQL\MySQL Server 5.0\bin
USERNAME=user
OS=Windows_NT
PROCESSOR_IDENTIFIER=AMD64 Family 22 Model 0 Stepping 1, AuthenticAMD



---------------  S Y S T E M  ---------------

OS: Windows 7 , 64 bit Build 7601 Service Pack 1

CPU:total 4 (4 cores per cpu, 1 threads per core) family 22 model 0 stepping 1, cmov, cx8, fxsr, mmx, sse, sse2, sse3, ssse3, sse4.1, sse4.2, popcnt, avx, aes, mmxext, 3dnowpref, lzcnt, sse4a, tsc, tscinvbit, tscinv

Memory: 4k page, physical 3618164k(912428k free), swap 7234468k(1148568k free)

vm_info: Java HotSpot(TM) 64-Bit Server VM (24.80-b11) for windows-amd64 JRE (1.7.0_80-b15), built on Apr 10 2015 11:26:34 by "java_re" with unknown MS VC++:1600

time: Mon Jun 04 21:25:25 2018
elapsed time: 34 seconds

