#
# A fatal error has been detected by the Java Runtime Environment:
#
#  EXCEPTION_UNCAUGHT_CXX_EXCEPTION (0xe06d7363) at pc=0x000007fefd66a06d, pid=996, tid=7356
#
# JRE version: Java(TM) SE Runtime Environment (7.0_80-b15) (build 1.7.0_80-b15)
# Java VM: Java HotSpot(TM) 64-Bit Server VM (24.80-b11 mixed mode windows-amd64 compressed oops)
# Problematic frame:
# C  [KERNELBASE.dll+0x1a06d]
#
# Failed to write core dump. Minidumps are not enabled by default on client versions of Windows
#
# If you would like to submit a bug report, please visit:
#   http://bugreport.java.com/bugreport/crash.jsp
# The crash happened outside the Java Virtual Machine in native code.
# See problematic frame for where to report the bug.
#

---------------  T H R E A D  ---------------

Current thread (0x00000000024bf000):  JavaThread "main" [_thread_in_native, id=7356, stack(0x0000000002810000,0x0000000002910000)]

siginfo: ExceptionCode=0xe06d7363, ExceptionInformation=0x0000000019930520 0x000000000290d408 0x00000000098b9798 0x0000000009830000 

Registers:
RAX=0x0000000074c4acd8, RBX=0x00000000098b9798, RCX=0x000000000290cc90, RDX=0x00000000000000d0
RSP=0x000000000290d2a0, RBP=0x000000000290d3d0, RSI=0x000000000000004a, RDI=0xffffffffffffffff
R8 =0x0000000000000000, R9 =0x0000000000000000, R10=0x0000000009830000, R11=0x000000000290d2e0
R12=0x000000000290d938, R13=0x0000000000000000, R14=0x000000000290d920, R15=0x000000000290d9d0
RIP=0x000007fefd66a06d, EFLAGS=0x0000000000000206

Top of Stack: (sp=0x000000000290d2a0)
0x000000000290d2a0:   00000000098b9798 000000000000004a
0x000000000290d2b0:   ffffffffffffffff 0000000000000007
0x000000000290d2c0:   00000001e06d7363 0000000000000000
0x000000000290d2d0:   000007fefd66a06d 0000000000000004
0x000000000290d2e0:   0000000019930520 000000000290d408
0x000000000290d2f0:   00000000098b9798 0000000009830000
0x000000000290d300:   0000000000000000 000000000290d388
0x000000000290d310:   0000000000000000 000000000045a610
0x000000000290d320:   0000000000405520 00000000103ef190
0x000000000290d330:   000000000290d438 000007fee482cdfe
0x000000000290d340:   000000000290d920 0000000000000000
0x000000000290d350:   000000000290d938 ffffffffffffffff
0x000000000290d360:   000000000000004a 000007fee482e980
0x000000000290d370:   00000000098b9798 000000000290d3e0
0x000000000290d380:   ffffffff00000001 0000000009830110
0x000000000290d390:   00000001e06d7363 0000000000000000 

Instructions: (pc=0x000007fefd66a06d)
0x000007fefd66a04d:   54 24 24 48 89 4c 24 28 4d 85 c9 0f 85 6a 03 00
0x000007fefd66a05d:   00 89 4c 24 38 48 8d 4c 24 20 ff 15 33 02 03 00
0x000007fefd66a06d:   48 81 c4 c8 00 00 00 c3 90 90 90 90 90 90 90 90
0x000007fefd66a07d:   90 90 90 48 83 ec 28 65 48 8b 04 25 30 00 00 00 


Register to memory mapping:

RAX=0x0000000074c4acd8 is an unknown value
RBX=0x00000000098b9798 is an unknown value
RCX=0x000000000290cc90 is pointing into the stack for thread: 0x00000000024bf000
RDX=0x00000000000000d0 is an unknown value
RSP=0x000000000290d2a0 is pointing into the stack for thread: 0x00000000024bf000
RBP=0x000000000290d3d0 is pointing into the stack for thread: 0x00000000024bf000
RSI=0x000000000000004a is an unknown value
RDI=0xffffffffffffffff is an unknown value
R8 =0x0000000000000000 is an unknown value
R9 =0x0000000000000000 is an unknown value
R10=0x0000000009830000 is pointing into the stack for thread: 0x00000000083bc800
R11=0x000000000290d2e0 is pointing into the stack for thread: 0x00000000024bf000
R12=0x000000000290d938 is pointing into the stack for thread: 0x00000000024bf000
R13=0x0000000000000000 is an unknown value
R14=0x000000000290d920 is pointing into the stack for thread: 0x00000000024bf000
R15=0x000000000290d9d0 is pointing into the stack for thread: 0x00000000024bf000


Stack: [0x0000000002810000,0x0000000002910000],  sp=0x000000000290d2a0,  free space=1012k
Native frames: (J=compiled Java code, j=interpreted, Vv=VM code, C=native code)
C  [KERNELBASE.dll+0x1a06d]
C  [libut.dll+0xe0e5]

Java frames: (J=compiled Java code, j=interpreted, Vv=VM code)
j  com.mathworks.toolbox.javabuilder.internal.MWMCR.mclInitializeComponentInstance(ZLjava/lang/String;Ljava/lang/String;Ljava/lang/String;Ljava/io/InputStream;ILjava/util/concurrent/Callable;Ljava/util/concurrent/Callable;)Lcom/mathworks/toolbox/javabuilder/internal/NativePtr;+0
j  com.mathworks.toolbox.javabuilder.internal.MWMCR.access$700(ZLjava/lang/String;Ljava/lang/String;Ljava/lang/String;Ljava/io/InputStream;ILjava/util/concurrent/Callable;Ljava/util/concurrent/Callable;)Lcom/mathworks/toolbox/javabuilder/internal/NativePtr;+12
j  com.mathworks.toolbox.javabuilder.internal.MWMCR$6.mclInitializeComponentInstance(ZLjava/lang/String;Ljava/lang/String;Ljava/lang/String;Ljava/io/InputStream;ILjava/util/concurrent/Callable;Ljava/util/concurrent/Callable;)Lcom/mathworks/toolbox/javabuilder/internal/NativePtr;+13
v  ~StubRoutines::call_stub
j  sun.reflect.NativeMethodAccessorImpl.invoke0(Ljava/lang/reflect/Method;Ljava/lang/Object;[Ljava/lang/Object;)Ljava/lang/Object;+0
j  sun.reflect.NativeMethodAccessorImpl.invoke(Ljava/lang/Object;[Ljava/lang/Object;)Ljava/lang/Object;+87
j  sun.reflect.DelegatingMethodAccessorImpl.invoke(Ljava/lang/Object;[Ljava/lang/Object;)Ljava/lang/Object;+6
j  java.lang.reflect.Method.invoke(Ljava/lang/Object;[Ljava/lang/Object;)Ljava/lang/Object;+57
j  com.mathworks.toolbox.javabuilder.internal.MWMCR$5.invoke(Ljava/lang/Object;Ljava/lang/reflect/Method;[Ljava/lang/Object;)Ljava/lang/Object;+8
j  com.sun.proxy.$Proxy0.mclInitializeComponentInstance(ZLjava/lang/String;Ljava/lang/String;Ljava/lang/String;Ljava/io/InputStream;ILjava/util/concurrent/Callable;Ljava/util/concurrent/Callable;)Lcom/mathworks/toolbox/javabuilder/internal/NativePtr;+58
j  com.mathworks.toolbox.javabuilder.internal.MWMCR.newInstance(Lcom/mathworks/toolbox/javabuilder/MWComponentOptions;Ljava/lang/Class;Ljava/lang/String;Ljava/lang/String;[I)Lcom/mathworks/toolbox/javabuilder/internal/MWMCR;+681
j  PSOGMYC1.PSOGMYC1MCRFactory.newInstance(Lcom/mathworks/toolbox/javabuilder/MWComponentOptions;)Lcom/mathworks/toolbox/javabuilder/internal/MWMCR;+51
j  PSOGMYC1.PSOGMYC1MCRFactory.newInstance()Lcom/mathworks/toolbox/javabuilder/internal/MWMCR;+3
j  PSOGMYC1.yucezhi.<init>()V+1
j  demo.PSOGM1.getpsogm1(III)[Ljava/lang/String;+22
j  demo.PSOGM1.main([Ljava/lang/String;)V+5
v  ~StubRoutines::call_stub

---------------  P R O C E S S  ---------------

Java Threads: ( => current thread )
  0x0000000009d9d800 JavaThread "Connector Runnable" daemon [_thread_blocked, id=7740, stack(0x0000000017f30000,0x0000000018030000)]
  0x0000000011f3f000 JavaThread "EventMgr Dispatcher" daemon [_thread_in_native, id=6676, stack(0x0000000016700000,0x0000000016800000)]
  0x000000000a09b800 JavaThread "MATLAB Compiler Runtime" daemon [_thread_in_native, id=5708, stack(0x0000000015030000,0x0000000015830000)]
  0x00000000117b6000 JavaThread "AWT-Windows" daemon [_thread_in_native, id=8012, stack(0x0000000012550000,0x0000000012650000)]
  0x00000000117b4800 JavaThread "Java2D Disposer" daemon [_thread_blocked, id=7892, stack(0x00000000122d0000,0x00000000123d0000)]
  0x0000000009cf0800 JavaThread "Service Thread" daemon [_thread_blocked, id=8024, stack(0x0000000009af0000,0x0000000009bf0000)]
  0x00000000083bf800 JavaThread "C2 CompilerThread1" daemon [_thread_blocked, id=7976, stack(0x0000000009bf0000,0x0000000009cf0000)]
  0x00000000083a7800 JavaThread "C2 CompilerThread0" daemon [_thread_blocked, id=7920, stack(0x0000000009900000,0x0000000009a00000)]
  0x00000000083bd800 JavaThread "Attach Listener" daemon [_thread_blocked, id=7584, stack(0x00000000095a0000,0x00000000096a0000)]
  0x00000000083bc800 JavaThread "Signal Dispatcher" daemon [_thread_blocked, id=1252, stack(0x0000000009730000,0x0000000009830000)]
  0x0000000008348800 JavaThread "Finalizer" daemon [_thread_blocked, id=7184, stack(0x0000000009330000,0x0000000009430000)]
  0x000000000833f000 JavaThread "Reference Handler" daemon [_thread_blocked, id=4296, stack(0x0000000005d10000,0x0000000005e10000)]
=>0x00000000024bf000 JavaThread "main" [_thread_in_native, id=7356, stack(0x0000000002810000,0x0000000002910000)]

Other Threads:
  0x000000000833b800 VMThread [stack: 0x0000000009450000,0x0000000009550000] [id=7220]
  0x0000000009d0a800 WatcherThread [stack: 0x000000000a250000,0x000000000a350000] [id=7896]

VM state:not at safepoint (normal execution)

VM Mutex/Monitor currently owned by a thread: None

Heap
 PSYoungGen      total 16896K, used 8720K [0x00000000ed900000, 0x00000000eeb80000, 0x0000000100000000)
  eden space 14848K, 45% used [0x00000000ed900000,0x00000000edf8bcb8,0x00000000ee780000)
  from space 2048K, 98% used [0x00000000ee780000,0x00000000ee9786b8,0x00000000ee980000)
  to   space 2048K, 0% used [0x00000000ee980000,0x00000000ee980000,0x00000000eeb80000)
 ParOldGen       total 37376K, used 1457K [0x00000000c8c00000, 0x00000000cb080000, 0x00000000ed900000)
  object space 37376K, 3% used [0x00000000c8c00000,0x00000000c8d6c7b8,0x00000000cb080000)
 PSPermGen       total 21504K, used 9908K [0x00000000c3a00000, 0x00000000c4f00000, 0x00000000c8c00000)
  object space 21504K, 46% used [0x00000000c3a00000,0x00000000c43ad090,0x00000000c4f00000)

Card table byte_map: [0x0000000005910000,0x0000000005b00000] byte_map_base: 0x00000000052f3000

Polling page: 0x0000000000120000

Code Cache  [0x0000000002910000, 0x0000000002b80000, 0x0000000005910000)
 total_blobs=529 nmethods=117 adapters=365 free_code_cache=48432Kb largest_free_block=49567680

Compilation events (10 events):
Event: 6.683 Thread 0x00000000083a7800  117   !         sun.misc.URLClassPath$JarLoader::getResource (91 bytes)
Event: 6.718 Thread 0x00000000083a7800 nmethod 117 0x00000000029c1350 code [0x00000000029c1520, 0x00000000029c1bb0]
Event: 6.859 Thread 0x00000000083bf800  118             sun.java2d.loops.GraphicsPrimitive::getUniqueID (5 bytes)
Event: 6.860 Thread 0x00000000083bf800 nmethod 118 0x00000000029c5c50 code [0x00000000029c5d80, 0x00000000029c5dd8]
Event: 6.871 Thread 0x00000000083a7800  119             java.util.Arrays::binarySearch0 (95 bytes)
Event: 6.877 Thread 0x00000000083a7800 nmethod 119 0x00000000029c4250 code [0x00000000029c43a0, 0x00000000029c4558]
Event: 21.273 Thread 0x00000000083bf800  120             java.lang.AbstractStringBuilder::<init> (12 bytes)
Event: 21.276 Thread 0x00000000083bf800 nmethod 120 0x00000000029c5e50 code [0x00000000029c5fa0, 0x00000000029c6098]
Event: 49.050 Thread 0x00000000083a7800  121             java.lang.String::lastIndexOf (151 bytes)
Event: 49.057 Thread 0x00000000083a7800 nmethod 121 0x00000000029c7410 code [0x00000000029c7560, 0x00000000029c7758]

GC Heap History (6 events):
Event: 5.361 GC heap before
{Heap before GC invocations=1 (full 0):
 PSYoungGen      total 16896K, used 14848K [0x00000000ed900000, 0x00000000eeb80000, 0x0000000100000000)
  eden space 14848K, 100% used [0x00000000ed900000,0x00000000ee780000,0x00000000ee780000)
  from space 2048K, 0% used [0x00000000ee980000,0x00000000ee980000,0x00000000eeb80000)
  to   space 2048K, 0% used [0x00000000ee780000,0x00000000ee780000,0x00000000ee980000)
 ParOldGen       total 37376K, used 0K [0x00000000c8c00000, 0x00000000cb080000, 0x00000000ed900000)
  object space 37376K, 0% used [0x00000000c8c00000,0x00000000c8c00000,0x00000000cb080000)
 PSPermGen       total 21504K, used 5559K [0x00000000c3a00000, 0x00000000c4f00000, 0x00000000c8c00000)
  object space 21504K, 25% used [0x00000000c3a00000,0x00000000c3f6dc58,0x00000000c4f00000)
Event: 5.382 GC heap after
Heap after GC invocations=1 (full 0):
 PSYoungGen      total 16896K, used 2034K [0x00000000ed900000, 0x00000000eeb80000, 0x0000000100000000)
  eden space 14848K, 0% used [0x00000000ed900000,0x00000000ed900000,0x00000000ee780000)
  from space 2048K, 99% used [0x00000000ee780000,0x00000000ee97c8d0,0x00000000ee980000)
  to   space 2048K, 0% used [0x00000000ee980000,0x00000000ee980000,0x00000000eeb80000)
 ParOldGen       total 37376K, used 259K [0x00000000c8c00000, 0x00000000cb080000, 0x00000000ed900000)
  object space 37376K, 0% used [0x00000000c8c00000,0x00000000c8c40c10,0x00000000cb080000)
 PSPermGen       total 21504K, used 5559K [0x00000000c3a00000, 0x00000000c4f00000, 0x00000000c8c00000)
  object space 21504K, 25% used [0x00000000c3a00000,0x00000000c3f6dc58,0x00000000c4f00000)
}
Event: 6.755 GC heap before
{Heap before GC invocations=2 (full 0):
 PSYoungGen      total 16896K, used 16882K [0x00000000ed900000, 0x00000000eeb80000, 0x0000000100000000)
  eden space 14848K, 100% used [0x00000000ed900000,0x00000000ee780000,0x00000000ee780000)
  from space 2048K, 99% used [0x00000000ee780000,0x00000000ee97c8d0,0x00000000ee980000)
  to   space 2048K, 0% used [0x00000000ee980000,0x00000000ee980000,0x00000000eeb80000)
 ParOldGen       total 37376K, used 259K [0x00000000c8c00000, 0x00000000cb080000, 0x00000000ed900000)
  object space 37376K, 0% used [0x00000000c8c00000,0x00000000c8c40c10,0x00000000cb080000)
 PSPermGen       total 21504K, used 9111K [0x00000000c3a00000, 0x00000000c4f00000, 0x00000000c8c00000)
  object space 21504K, 42% used [0x00000000c3a00000,0x00000000c42e5da0,0x00000000c4f00000)
Event: 6.774 GC heap after
Heap after GC invocations=2 (full 0):
 PSYoungGen      total 16896K, used 2033K [0x00000000ed900000, 0x00000000eeb80000, 0x0000000100000000)
  eden space 14848K, 0% used [0x00000000ed900000,0x00000000ed900000,0x00000000ee780000)
  from space 2048K, 99% used [0x00000000ee980000,0x00000000eeb7c6a8,0x00000000eeb80000)
  to   space 2048K, 0% used [0x00000000ee780000,0x00000000ee780000,0x00000000ee980000)
 ParOldGen       total 37376K, used 1034K [0x00000000c8c00000, 0x00000000cb080000, 0x00000000ed900000)
  object space 37376K, 2% used [0x00000000c8c00000,0x00000000c8d02970,0x00000000cb080000)
 PSPermGen       total 21504K, used 9111K [0x00000000c3a00000, 0x00000000c4f00000, 0x00000000c8c00000)
  object space 21504K, 42% used [0x00000000c3a00000,0x00000000c42e5da0,0x00000000c4f00000)
}
Event: 43.631 GC heap before
{Heap before GC invocations=3 (full 0):
 PSYoungGen      total 16896K, used 16881K [0x00000000ed900000, 0x00000000eeb80000, 0x0000000100000000)
  eden space 14848K, 100% used [0x00000000ed900000,0x00000000ee780000,0x00000000ee780000)
  from space 2048K, 99% used [0x00000000ee980000,0x00000000eeb7c6a8,0x00000000eeb80000)
  to   space 2048K, 0% used [0x00000000ee780000,0x00000000ee780000,0x00000000ee980000)
 ParOldGen       total 37376K, used 1034K [0x00000000c8c00000, 0x00000000cb080000, 0x00000000ed900000)
  object space 37376K, 2% used [0x00000000c8c00000,0x00000000c8d02970,0x00000000cb080000)
 PSPermGen       total 21504K, used 9903K [0x00000000c3a00000, 0x00000000c4f00000, 0x00000000c8c00000)
  object space 21504K, 46% used [0x00000000c3a00000,0x00000000c43abd50,0x00000000c4f00000)
Event: 43.675 GC heap after
Heap after GC invocations=3 (full 0):
 PSYoungGen      total 16896K, used 2017K [0x00000000ed900000, 0x00000000eeb80000, 0x0000000100000000)
  eden space 14848K, 0% used [0x00000000ed900000,0x00000000ed900000,0x00000000ee780000)
  from space 2048K, 98% used [0x00000000ee780000,0x00000000ee9786b8,0x00000000ee980000)
  to   space 2048K, 0% used [0x00000000ee980000,0x00000000ee980000,0x00000000eeb80000)
 ParOldGen       total 37376K, used 1457K [0x00000000c8c00000, 0x00000000cb080000, 0x00000000ed900000)
  object space 37376K, 3% used [0x00000000c8c00000,0x00000000c8d6c7b8,0x00000000cb080000)
 PSPermGen       total 21504K, used 9903K [0x00000000c3a00000, 0x00000000c4f00000, 0x00000000c8c00000)
  object space 21504K, 46% used [0x00000000c3a00000,0x00000000c43abd50,0x00000000c4f00000)
}

Deoptimization events (10 events):
Event: 5.409 Thread 0x000000000a09b800 Uncommon trap: reason=unstable_if action=reinterpret pc=0x00000000029a68c4 method=sun.misc.URLClassPath$JarLoader.ensureOpen()V @ 4
Event: 5.410 Thread 0x000000000a09b800 Uncommon trap: reason=unstable_if action=reinterpret pc=0x00000000029a637c method=java.util.zip.ZipCoder.encoder()Ljava/nio/charset/CharsetEncoder; @ 4
Event: 5.413 Thread 0x000000000a09b800 Uncommon trap: reason=unstable_if action=reinterpret pc=0x00000000029a3748 method=java.util.zip.ZipCoder.encoder()Ljava/nio/charset/CharsetEncoder; @ 4
Event: 5.683 Thread 0x000000000a09b800 Uncommon trap: reason=unstable_if action=reinterpret pc=0x000000000297b3d0 method=java.io.DataOutputStream.writeUTF(Ljava/lang/String;Ljava/io/DataOutput;)I @ 128
Event: 5.812 Thread 0x000000000a09b800 Uncommon trap: reason=unstable_if action=reinterpret pc=0x00000000029a7464 method=sun.misc.URLClassPath$JarLoader.getResource(Ljava/lang/String;Z)Lsun/misc/Resource; @ 15
Event: 5.815 Thread 0x000000000a09b800 Uncommon trap: reason=unstable_if action=reinterpret pc=0x00000000029ad078 method=sun.misc.URLClassPath$JarLoader.getResource(Ljava/lang/String;Z)Lsun/misc/Resource; @ 15
Event: 5.836 Thread 0x000000000a09b800 Uncommon trap: reason=unstable_if action=reinterpret pc=0x000000000298437c method=java.lang.String.indexOf([CII[CIII)I @ 3
Event: 6.096 Thread 0x000000000a09b800 Uncommon trap: reason=unstable_if action=reinterpret pc=0x00000000029a260c method=java.lang.AbstractStringBuilder.append(Ljava/lang/String;)Ljava/lang/AbstractStringBuilder; @ 1
Event: 6.483 Thread 0x000000000a09b800 Uncommon trap: reason=unstable_if action=reinterpret pc=0x00000000029788b0 method=java.util.regex.Matcher.reset()Ljava/util/regex/Matcher; @ 47
Event: 21.421 Thread 0x000000000a09b800 Uncommon trap: reason=unstable_if action=reinterpret pc=0x00000000029aa3d8 method=java.lang.AbstractStringBuilder.append(Ljava/lang/String;)Ljava/lang/AbstractStringBuilder; @ 1

Internal exceptions (10 events):
Event: 49.755 Thread 0x000000000a09b800 Threw 0x00000000edf4c3a0 at C:\re\jdk7u80\2329\hotspot\src\share\vm\prims\jvm.cpp:1319
Event: 49.755 Thread 0x000000000a09b800 Threw 0x00000000edf4c698 at C:\re\jdk7u80\2329\hotspot\src\share\vm\prims\jvm.cpp:1319
Event: 49.755 Thread 0x000000000a09b800 Threw 0x00000000edf4e018 at C:\re\jdk7u80\2329\hotspot\src\share\vm\prims\jvm.cpp:1319
Event: 49.756 Thread 0x000000000a09b800 Threw 0x00000000edf554a0 at C:\re\jdk7u80\2329\hotspot\src\share\vm\prims\jvm.cpp:1319
Event: 49.758 Thread 0x000000000a09b800 Threw 0x00000000edf559a0 at C:\re\jdk7u80\2329\hotspot\src\share\vm\prims\jvm.cpp:1319
Event: 49.759 Thread 0x000000000a09b800 Threw 0x00000000edf57600 at C:\re\jdk7u80\2329\hotspot\src\share\vm\prims\jvm.cpp:1319
Event: 49.759 Thread 0x000000000a09b800 Threw 0x00000000edf60110 at C:\re\jdk7u80\2329\hotspot\src\share\vm\prims\jvm.cpp:1319
Event: 49.760 Thread 0x000000000a09b800 Threw 0x00000000edf60418 at C:\re\jdk7u80\2329\hotspot\src\share\vm\prims\jvm.cpp:1319
Event: 49.760 Thread 0x000000000a09b800 Threw 0x00000000edf62078 at C:\re\jdk7u80\2329\hotspot\src\share\vm\prims\jvm.cpp:1319
Event: 49.761 Thread 0x000000000a09b800 Threw 0x00000000edf6ab88 at C:\re\jdk7u80\2329\hotspot\src\share\vm\prims\jvm.cpp:1319

Events (10 events):
Event: 49.614 loading class 0x0000000016b25ee0
Event: 49.614 loading class 0x0000000016b25ee0 done
Event: 49.753 loading class 0x0000000016b25f00
Event: 49.753 loading class 0x0000000016b25f00 done
Event: 49.755 loading class 0x0000000016b25f00
Event: 49.755 loading class 0x0000000016b25f00 done
Event: 49.758 loading class 0x0000000016b25f20
Event: 49.758 loading class 0x0000000016b25f20 done
Event: 49.760 loading class 0x0000000016b25f20
Event: 49.760 loading class 0x0000000016b25f20 done


Dynamic libraries:
0x000000013faa0000 - 0x000000013fad3000 	D:\Java\jdk1.7.0_80\bin\javaw.exe
0x0000000077660000 - 0x000000007780a000 	C:\Windows\SYSTEM32\ntdll.dll
0x0000000077540000 - 0x000000007765f000 	C:\Windows\system32\kernel32.dll
0x000007fefd650000 - 0x000007fefd6ba000 	C:\Windows\system32\KERNELBASE.dll
0x000007fefdfd0000 - 0x000007fefe0ab000 	C:\Windows\system32\ADVAPI32.dll
0x000007feff530000 - 0x000007feff5cf000 	C:\Windows\system32\msvcrt.dll
0x000007feff950000 - 0x000007feff96f000 	C:\Windows\SYSTEM32\sechost.dll
0x000007feff640000 - 0x000007feff76d000 	C:\Windows\system32\RPCRT4.dll
0x0000000077440000 - 0x000000007753a000 	C:\Windows\system32\USER32.dll
0x000007feff5d0000 - 0x000007feff637000 	C:\Windows\system32\GDI32.dll
0x000007fefe510000 - 0x000007fefe51e000 	C:\Windows\system32\LPK.dll
0x000007fefe210000 - 0x000007fefe2db000 	C:\Windows\system32\USP10.dll
0x000007fefbff0000 - 0x000007fefc1e4000 	C:\Windows\WinSxS\amd64_microsoft.windows.common-controls_6595b64144ccf1df_6.0.7601.18837_none_fa3b1e3d17594757\COMCTL32.dll
0x000007fefe0b0000 - 0x000007fefe121000 	C:\Windows\system32\SHLWAPI.dll
0x000007feff920000 - 0x000007feff94e000 	C:\Windows\system32\IMM32.DLL
0x000007feff420000 - 0x000007feff529000 	C:\Windows\system32\MSCTF.dll
0x0000000060040000 - 0x0000000060112000 	D:\Java\jdk1.7.0_80\jre\bin\msvcr100.dll
0x0000000051240000 - 0x0000000051a19000 	D:\Java\jdk1.7.0_80\jre\bin\server\jvm.dll
0x000007fef3d20000 - 0x000007fef3d29000 	C:\Windows\system32\WSOCK32.dll
0x000007fefdda0000 - 0x000007fefdded000 	C:\Windows\system32\WS2_32.dll
0x000007feff770000 - 0x000007feff778000 	C:\Windows\system32\NSI.dll
0x000007fef9400000 - 0x000007fef943b000 	C:\Windows\system32\WINMM.dll
0x0000000077820000 - 0x0000000077827000 	C:\Windows\system32\PSAPI.DLL
0x0000000061ea0000 - 0x0000000061eaf000 	D:\Java\jdk1.7.0_80\jre\bin\verify.dll
0x0000000061cb0000 - 0x0000000061cd8000 	D:\Java\jdk1.7.0_80\jre\bin\java.dll
0x0000000060240000 - 0x0000000060256000 	D:\Java\jdk1.7.0_80\jre\bin\zip.dll
0x0000000180000000 - 0x0000000180034000 	E:\matlab\runtime\v85\bin\win64\BuilderJABootstrap.dll
0x0000000000630000 - 0x000000000063c000 	E:\matlab\runtime\v85\bin\win64\nativedl.dll
0x000007fee48a0000 - 0x000007fee4947000 	C:\Windows\system32\MSVCP110.dll
0x000007fee47d0000 - 0x000007fee489e000 	C:\Windows\system32\MSVCR110.dll
0x000000000a350000 - 0x000000000a570000 	E:\matlab\runtime\v85\bin\win64\libmwfl.dll
0x000007feff780000 - 0x000007feff799000 	C:\Windows\system32\imagehlp.dll
0x0000000001ce0000 - 0x0000000001cef000 	E:\matlab\runtime\v85\bin\win64\libmwresource_core.dll
0x000000000a0f0000 - 0x000000000a1e7000 	E:\matlab\runtime\v85\bin\win64\libmwi18n.dll
0x000007fefa0b0000 - 0x000007fefa0bf000 	E:\matlab\runtime\v85\bin\win64\boost_date_time-vc110-mt-1_49.dll
0x000007fef80b0000 - 0x000007fef80dc000 	E:\matlab\runtime\v85\bin\win64\boost_filesystem-vc110-mt-1_49.dll
0x000007fefa0a0000 - 0x000007fefa0a9000 	E:\matlab\runtime\v85\bin\win64\boost_system-vc110-mt-1_49.dll
0x000007fef3f70000 - 0x000007fef3f95000 	E:\matlab\runtime\v85\bin\win64\LIBEXPAT.dll
0x000000005b150000 - 0x000000005b2e7000 	E:\matlab\runtime\v85\bin\win64\icuin52.dll
0x00000000574f0000 - 0x0000000057631000 	E:\matlab\runtime\v85\bin\win64\icuuc52.dll
0x000000000a570000 - 0x000000000bbdb000 	E:\matlab\runtime\v85\bin\win64\icudt52.dll
0x0000000060170000 - 0x0000000060181000 	E:\matlab\runtime\v85\bin\win64\icuio52.dll
0x000000000bbe0000 - 0x000000000c164000 	E:\matlab\runtime\v85\bin\win64\libmwMATLAB_res.dll
0x000007feeac20000 - 0x000007feeaca8000 	E:\matlab\runtime\v85\bin\win64\boost_log-vc110-mt-1_49.dll
0x000007fef4790000 - 0x000007fef47a1000 	E:\matlab\runtime\v85\bin\win64\boost_thread-vc110-mt-1_49.dll
0x000007fee46f0000 - 0x000007fee47cd000 	E:\matlab\runtime\v85\bin\win64\boost_regex-vc110-mt-1_49.dll
0x000007fef3d50000 - 0x000007fef3d95000 	E:\matlab\runtime\v85\bin\win64\boost_serialization-vc110-mt-1_49.dll
0x000007fef3f50000 - 0x000007fef3f61000 	E:\matlab\runtime\v85\bin\win64\boost_signals-vc110-mt-1_49.dll
0x000007feeed10000 - 0x000007feeed4f000 	E:\matlab\runtime\v85\bin\win64\tbb.dll
0x000007fefc5e0000 - 0x000007fefc60c000 	C:\Windows\system32\POWRPROF.dll
0x000007fefddf0000 - 0x000007fefdfc7000 	C:\Windows\system32\SETUPAPI.dll
0x000007fefd6c0000 - 0x000007fefd6f6000 	C:\Windows\system32\CFGMGR32.dll
0x000007feff7a0000 - 0x000007feff87a000 	C:\Windows\system32\OLEAUT32.dll
0x000007fefd870000 - 0x000007fefda6c000 	C:\Windows\system32\ole32.dll
0x000007fefd510000 - 0x000007fefd52a000 	C:\Windows\system32\DEVOBJ.dll
0x000000000c170000 - 0x000000000c483000 	E:\matlab\runtime\v85\bin\win64\nativemcl.dll
0x0000000009830000 - 0x00000000098f5000 	E:\matlab\runtime\v85\bin\win64\libut.dll
0x000000000c490000 - 0x000000000c62a000 	E:\matlab\runtime\v85\bin\win64\libmx.dll
0x000007feece70000 - 0x000007feeceb0000 	E:\matlab\runtime\v85\bin\win64\tbbmalloc.dll
0x0000000060150000 - 0x0000000060167000 	E:\matlab\runtime\v85\bin\win64\zlib1.dll
0x000000000c630000 - 0x000000000ca47000 	E:\matlab\runtime\v85\bin\win64\libmwservices.dll
0x0000000001d30000 - 0x0000000001d42000 	E:\matlab\runtime\v85\bin\win64\display_device.dll
0x0000000002430000 - 0x0000000002481000 	E:\matlab\runtime\v85\bin\win64\libmwregexp.dll
0x0000000006050000 - 0x000000000609e000 	E:\matlab\runtime\v85\bin\win64\mpath.dll
0x000000000ca50000 - 0x000000000cd91000 	E:\matlab\runtime\v85\bin\win64\libmwms.dll
0x000007fefa090000 - 0x000007fefa0a0000 	E:\matlab\runtime\v85\bin\win64\boost_iostreams-vc110-mt-1_49.dll
0x000000000cda0000 - 0x000000000d1c0000 	E:\matlab\runtime\v85\bin\win64\mlutil.dll
0x000000000d1c0000 - 0x000000000d4f0000 	E:\matlab\runtime\v85\bin\win64\settingscore.dll
0x00000000092a0000 - 0x0000000009319000 	E:\matlab\runtime\v85\bin\win64\xmlcore.dll
0x0000000012000000 - 0x0000000012263000 	E:\matlab\runtime\v85\bin\win64\xerces-c_3_1.dll
0x0000000002580000 - 0x000000000259e000 	E:\matlab\runtime\v85\bin\win64\libmwMATLAB_settings_res.dll
0x000007fefe520000 - 0x000007feff2aa000 	C:\Windows\system32\SHELL32.dll
0x00000000024a0000 - 0x00000000024a6000 	E:\matlab\runtime\v85\bin\win64\libmwnativedisplay.dll
0x00000000096a0000 - 0x00000000096fe000 	E:\matlab\runtime\v85\bin\win64\opccore.dll
0x0000000009a00000 - 0x0000000009ad8000 	E:\matlab\runtime\v85\bin\win64\opcmodel.dll
0x000000000d4f0000 - 0x000000000d73c000 	E:\matlab\runtime\v85\bin\win64\libmwflnetwork.dll
0x00000000027e0000 - 0x0000000002809000 	E:\matlab\runtime\v85\bin\win64\opczippackage.dll
0x0000000060140000 - 0x000000006014f000 	E:\matlab\runtime\v85\bin\win64\libminizip.dll
0x000000000d740000 - 0x000000000d8d8000 	E:\matlab\runtime\v85\bin\win64\opcmwservices.dll
0x000007fefdd00000 - 0x000007fefdd97000 	C:\Windows\system32\COMDLG32.dll
0x000007fefb2e0000 - 0x000007fefb2f6000 	C:\Windows\system32\NETAPI32.dll
0x000007fefb2d0000 - 0x000007fefb2dc000 	C:\Windows\system32\netutils.dll
0x000007fefce00000 - 0x000007fefce23000 	C:\Windows\system32\srvcli.dll
0x000007fefb2b0000 - 0x000007fefb2c5000 	C:\Windows\system32\wkscli.dll
0x000007fee4500000 - 0x000007fee46ee000 	E:\matlab\runtime\v85\bin\win64\PocoFoundation64.dll
0x000007fefad70000 - 0x000007fefad97000 	C:\Windows\system32\IPHLPAPI.DLL
0x000007fefad60000 - 0x000007fefad6b000 	C:\Windows\system32\WINNSI.DLL
0x000007fee43e0000 - 0x000007fee44ff000 	E:\matlab\runtime\v85\bin\win64\PocoNet64.dll
0x000007feeb2d0000 - 0x000007feeb319000 	E:\matlab\runtime\v85\bin\win64\PocoNetSSL64.dll
0x000007fee4250000 - 0x000007fee43d9000 	E:\matlab\runtime\v85\bin\win64\LIBEAY32.dll
0x000007feeb040000 - 0x000007feeb098000 	E:\matlab\runtime\v85\bin\win64\SSLEAY32.dll
0x000007feeece0000 - 0x000007feeed0b000 	E:\matlab\runtime\v85\bin\win64\PocoCrypto64.dll
0x000007fee41c0000 - 0x000007fee4243000 	E:\matlab\runtime\v85\bin\win64\PocoUtil64.dll
0x000007fee4100000 - 0x000007fee41b5000 	E:\matlab\runtime\v85\bin\win64\PocoXML64.dll
0x000007feeab70000 - 0x000007feeabcc000 	E:\matlab\runtime\v85\bin\win64\PocoJSON64.dll
0x000000000d8e0000 - 0x000000000dba5000 	E:\matlab\runtime\v85\bin\win64\mclmcr.dll
0x000000000dbb0000 - 0x000000000dcaf000 	E:\matlab\runtime\v85\bin\win64\mcr.dll
0x000000000dcb0000 - 0x000000000ddf9000 	E:\matlab\runtime\v85\bin\win64\iqm.dll
0x0000000009440000 - 0x000000000944b000 	E:\matlab\runtime\v85\bin\win64\language_execution_interfaces.dll
0x000000000de00000 - 0x000000000ded9000 	E:\matlab\runtime\v85\bin\win64\m_dispatcher.dll
0x000000000dee0000 - 0x000000000e7ec000 	E:\matlab\runtime\v85\bin\win64\m_interpreter.dll
0x0000000009550000 - 0x000000000957d000 	E:\matlab\runtime\v85\bin\win64\libmex.dll
0x000000000e7f0000 - 0x000000000e86f000 	E:\matlab\runtime\v85\bin\win64\profiler.dll
0x000000000e870000 - 0x000000000e9ec000 	E:\matlab\runtime\v85\bin\win64\libmwmathutil.dll
0x000000000e9f0000 - 0x000000000ea52000 	E:\matlab\runtime\v85\bin\win64\libmwmathrng.dll
0x0000000009580000 - 0x0000000009594000 	E:\matlab\runtime\v85\bin\win64\libmwmfl_rng.dll
0x0000000009700000 - 0x0000000009707000 	E:\matlab\runtime\v85\bin\win64\libmwdSFMT.dll
0x000000000ea60000 - 0x000000000ec30000 	E:\matlab\runtime\v85\bin\win64\libmwmathcore.dll
0x000000000ec30000 - 0x000000000eca1000 	E:\matlab\runtime\v85\bin\win64\libmwspmatrix.dll
0x000000000a1f0000 - 0x000000000a232000 	E:\matlab\runtime\v85\bin\win64\mcos.dll
0x000000000ecb0000 - 0x000000000ed0b000 	E:\matlab\runtime\v85\bin\win64\libmwcholmod.dll
0x0000000009710000 - 0x000000000971c000 	E:\matlab\runtime\v85\bin\win64\libmwamd.dll
0x0000000009720000 - 0x000000000972b000 	E:\matlab\runtime\v85\bin\win64\libmwcolamd.dll
0x000000000ed10000 - 0x000000000ed24000 	E:\matlab\runtime\v85\bin\win64\libmwblas.dll
0x000000000ed30000 - 0x000000000ed4b000 	E:\matlab\runtime\v85\bin\win64\libmwbinder.dll
0x0000000009ae0000 - 0x0000000009aeb000 	E:\matlab\runtime\v85\bin\win64\libmwompwrapper.dll
0x000000000ed50000 - 0x000000000edaf000 	E:\matlab\runtime\v85\bin\win64\libmwlapack.dll
0x000000000edb0000 - 0x000000000edd1000 	E:\matlab\runtime\v85\bin\win64\m_pcodeio.dll
0x000000000ede0000 - 0x000000000ee52000 	E:\matlab\runtime\v85\bin\win64\m_ir.dll
0x000000000ee60000 - 0x000000000f5d3000 	E:\matlab\runtime\v85\bin\win64\m_parser.dll
0x000000000f5e0000 - 0x000000000f5f9000 	E:\matlab\runtime\v85\bin\win64\ir_xfmr.dll
0x000000000f600000 - 0x000000000f612000 	E:\matlab\runtime\v85\bin\win64\mtok.dll
0x000000000f620000 - 0x000000000f64a000 	E:\matlab\runtime\v85\bin\win64\m_pcodegen.dll
0x000007feefd20000 - 0x000007feefe45000 	C:\Windows\system32\dbghelp.dll
0x000000000f650000 - 0x000000000f692000 	E:\matlab\runtime\v85\bin\win64\libmwbridge.dll
0x000000000f6a0000 - 0x000000000f76d000 	E:\matlab\runtime\v85\bin\win64\udd.dll
0x000000000f770000 - 0x000000000f8e9000 	E:\matlab\runtime\v85\bin\win64\libmwgui.dll
0x000000000f8f0000 - 0x000000000f91a000 	E:\matlab\runtime\v85\bin\win64\graphics_util.dll

VM Arguments:
jvm_args: -Dfile.encoding=GBK 
java_command: demo.PSOGM1
Launcher Type: SUN_STANDARD

Environment Variables:
JAVA_HOME=D:\Java\jdk1.7.0_80
CLASSPATH=.;D:\Java\jdk1.7.0_80\lib\dt.jar;D:\Java\jdk1.7.0_80\lib\tools.jar;
PATH=E:\matlab\runtime\v85\bin\win64;C:\Windows\system32;C:\Windows;C:\Windows\System32\Wbem;C:\Windows\System32\WindowsPowerShell\v1.0\;C:\Program Files (x86)\Microsoft SQL Server\80\Tools\BINN;C:\Program Files (x86)\Microsoft SQL Server\90\Tools\binn\;D:\Java\jdk1.7.0_80\bin;D:\Java\jdk1.7.0_80\jre\bin;E:\matlab\runtime\v85\runtime\win64;D:\Program Files\MySQL\MySQL Server 5.0\bin
USERNAME=user
OS=Windows_NT
PROCESSOR_IDENTIFIER=AMD64 Family 22 Model 0 Stepping 1, AuthenticAMD



---------------  S Y S T E M  ---------------

OS: Windows 7 , 64 bit Build 7601 Service Pack 1

CPU:total 4 (4 cores per cpu, 1 threads per core) family 22 model 0 stepping 1, cmov, cx8, fxsr, mmx, sse, sse2, sse3, ssse3, sse4.1, sse4.2, popcnt, avx, aes, mmxext, 3dnowpref, lzcnt, sse4a, tsc, tscinvbit, tscinv

Memory: 4k page, physical 3618164k(912044k free), swap 7234468k(1148820k free)

vm_info: Java HotSpot(TM) 64-Bit Server VM (24.80-b11) for windows-amd64 JRE (1.7.0_80-b15), built on Apr 10 2015 11:26:34 by "java_re" with unknown MS VC++:1600

time: Mon Jun 04 21:25:25 2018
elapsed time: 63 seconds

